/*C2*/SET SCHEMA PUBLIC
drop table EMPLOYEE
drop table DEPARTMENT
drop table COMPANY
DISCONNECT
/*C3*/SET SCHEMA PUBLIC
create table COMPANY (ID bigint generated by default as identity (start with 1), name varchar(255), primary key (ID))
create table DEPARTMENT (ID bigint generated by default as identity (start with 1), name varchar(255), COMP_ID bigint, DEPT_ID bigint, primary key (ID))
create table EMPLOYEE (ID bigint generated by default as identity (start with 1), name varchar(255), address varchar(255), salary double, manager bit, MENTOR bigint, DEPT_ID bigint, primary key (ID))
alter table DEPARTMENT add constraint FK4F782F5255C77F64 foreign key (DEPT_ID) references DEPARTMENT
alter table DEPARTMENT add constraint FK4F782F52C7CB872B foreign key (COMP_ID) references COMPANY
alter table EMPLOYEE add constraint FK75C8D6AE55C77F64 foreign key (DEPT_ID) references DEPARTMENT
alter table EMPLOYEE add constraint FK75C8D6AE800BE06C foreign key (MENTOR) references EMPLOYEE
INSERT INTO COMPANY VALUES(1,'Acme Corporation')
COMMIT
INSERT INTO DEPARTMENT VALUES(1,'Research',1,NULL)
COMMIT
INSERT INTO DEPARTMENT VALUES(2,'Development',1,NULL)
COMMIT
INSERT INTO DEPARTMENT VALUES(3,'Dev1',NULL,2)
COMMIT
INSERT INTO DEPARTMENT VALUES(4,'Dev1.1',NULL,3)
COMMIT
INSERT INTO EMPLOYEE VALUES(1,'Craig','Redmond',123456.0E0,'1',NULL,1)
COMMIT
INSERT INTO EMPLOYEE VALUES(2,'Erik','Utrecht',12345.0E0,'0',NULL,1)
COMMIT
INSERT INTO EMPLOYEE VALUES(3,'Ralf','Koblenz',1234.0E0,'0',NULL,1)
COMMIT
INSERT INTO EMPLOYEE VALUES(4,'Ray','Redmond',234567.0E0,'1',NULL,2)
COMMIT
INSERT INTO EMPLOYEE VALUES(5,'Klaus','Boston',23456.0E0,'1',NULL,3)
COMMIT
INSERT INTO EMPLOYEE VALUES(6,'Karl','Riga',2345.0E0,'1',NULL,4)
COMMIT
INSERT INTO EMPLOYEE VALUES(7,'Joe','Wifi City',2344.0E0,'0',NULL,4)
COMMIT
DELETE FROM EMPLOYEE WHERE ID=3
INSERT INTO EMPLOYEE VALUES(3,'Ralf','Koblenz',1234.0E0,'0',2,1)
COMMIT
DISCONNECT
/*C4*/SET SCHEMA PUBLIC
DELETE FROM EMPLOYEE WHERE ID=4
INSERT INTO EMPLOYEE VALUES(4,'Ray','Redmond',117283.5E0,'1',NULL,2)
DELETE FROM EMPLOYEE WHERE ID=5
INSERT INTO EMPLOYEE VALUES(5,'Klaus','Boston',11728.0E0,'1',NULL,3)
DELETE FROM EMPLOYEE WHERE ID=6
INSERT INTO EMPLOYEE VALUES(6,'Karl','Riga',1172.5E0,'1',NULL,4)
DELETE FROM EMPLOYEE WHERE ID=7
INSERT INTO EMPLOYEE VALUES(7,'Joe','Wifi City',1172.0E0,'0',NULL,4)
DELETE FROM EMPLOYEE WHERE ID=1
INSERT INTO EMPLOYEE VALUES(1,'Craig','Redmond',61728.0E0,'1',NULL,1)
DELETE FROM EMPLOYEE WHERE ID=2
INSERT INTO EMPLOYEE VALUES(2,'Erik','Utrecht',6172.5E0,'0',NULL,1)
DELETE FROM EMPLOYEE WHERE ID=3
INSERT INTO EMPLOYEE VALUES(3,'Ralf','Koblenz',617.0E0,'0',2,1)
COMMIT
DISCONNECT
/*C5*/SET SCHEMA PUBLIC
DELETE FROM EMPLOYEE WHERE ID=1
INSERT INTO EMPLOYEE VALUES(1,'Craig','Redmond',30864.0E0,'1',NULL,1)
DELETE FROM EMPLOYEE WHERE ID=2
INSERT INTO EMPLOYEE VALUES(2,'Erik','Utrecht',3086.25E0,'0',NULL,1)
DELETE FROM EMPLOYEE WHERE ID=3
INSERT INTO EMPLOYEE VALUES(3,'Ralf','Koblenz',308.5E0,'0',2,1)
DELETE FROM EMPLOYEE WHERE ID=4
INSERT INTO EMPLOYEE VALUES(4,'Ray','Redmond',58641.75E0,'1',NULL,2)
DELETE FROM EMPLOYEE WHERE ID=5
INSERT INTO EMPLOYEE VALUES(5,'Klaus','Boston',5864.0E0,'1',NULL,3)
DELETE FROM EMPLOYEE WHERE ID=6
INSERT INTO EMPLOYEE VALUES(6,'Karl','Riga',586.25E0,'1',NULL,4)
DELETE FROM EMPLOYEE WHERE ID=7
INSERT INTO EMPLOYEE VALUES(7,'Joe','Wifi City',586.0E0,'0',NULL,4)
COMMIT
DISCONNECT
/*C6*/SET SCHEMA PUBLIC
DELETE FROM EMPLOYEE WHERE ID=1
INSERT INTO EMPLOYEE VALUES(1,'Craig','Redmond',15432.0E0,'1',NULL,1)
DELETE FROM EMPLOYEE WHERE ID=2
INSERT INTO EMPLOYEE VALUES(2,'Erik','Utrecht',1543.125E0,'0',NULL,1)
DELETE FROM EMPLOYEE WHERE ID=3
INSERT INTO EMPLOYEE VALUES(3,'Ralf','Koblenz',154.25E0,'0',2,1)
DELETE FROM EMPLOYEE WHERE ID=4
INSERT INTO EMPLOYEE VALUES(4,'Ray','Redmond',29320.875E0,'1',NULL,2)
DELETE FROM EMPLOYEE WHERE ID=5
INSERT INTO EMPLOYEE VALUES(5,'Klaus','Boston',2932.0E0,'1',NULL,3)
DELETE FROM EMPLOYEE WHERE ID=6
INSERT INTO EMPLOYEE VALUES(6,'Karl','Riga',293.125E0,'1',NULL,4)
DELETE FROM EMPLOYEE WHERE ID=7
INSERT INTO EMPLOYEE VALUES(7,'Joe','Wifi City',293.0E0,'0',NULL,4)
COMMIT
DISCONNECT
/*C7*/SET SCHEMA PUBLIC
DELETE FROM EMPLOYEE WHERE ID=4
INSERT INTO EMPLOYEE VALUES(4,'Ray','Redmond',14660.4375E0,'1',NULL,2)
DELETE FROM EMPLOYEE WHERE ID=5
INSERT INTO EMPLOYEE VALUES(5,'Klaus','Boston',1466.0E0,'1',NULL,3)
DELETE FROM EMPLOYEE WHERE ID=6
INSERT INTO EMPLOYEE VALUES(6,'Karl','Riga',146.5625E0,'1',NULL,4)
DELETE FROM EMPLOYEE WHERE ID=7
INSERT INTO EMPLOYEE VALUES(7,'Joe','Wifi City',146.5E0,'0',NULL,4)
DELETE FROM EMPLOYEE WHERE ID=1
INSERT INTO EMPLOYEE VALUES(1,'Craig','Redmond',7716.0E0,'1',NULL,1)
DELETE FROM EMPLOYEE WHERE ID=2
INSERT INTO EMPLOYEE VALUES(2,'Erik','Utrecht',771.5625E0,'0',NULL,1)
DELETE FROM EMPLOYEE WHERE ID=3
INSERT INTO EMPLOYEE VALUES(3,'Ralf','Koblenz',77.125E0,'0',2,1)
COMMIT
DISCONNECT
/*C8*/SET SCHEMA PUBLIC
DELETE FROM EMPLOYEE WHERE ID=1
INSERT INTO EMPLOYEE VALUES(1,'Craig','Redmond',3858.0E0,'1',NULL,1)
DELETE FROM EMPLOYEE WHERE ID=2
INSERT INTO EMPLOYEE VALUES(2,'Erik','Utrecht',385.78125E0,'0',NULL,1)
DELETE FROM EMPLOYEE WHERE ID=3
INSERT INTO EMPLOYEE VALUES(3,'Ralf','Koblenz',38.5625E0,'0',2,1)
DELETE FROM EMPLOYEE WHERE ID=4
INSERT INTO EMPLOYEE VALUES(4,'Ray','Redmond',7330.21875E0,'1',NULL,2)
DELETE FROM EMPLOYEE WHERE ID=5
INSERT INTO EMPLOYEE VALUES(5,'Klaus','Boston',733.0E0,'1',NULL,3)
DELETE FROM EMPLOYEE WHERE ID=6
INSERT INTO EMPLOYEE VALUES(6,'Karl','Riga',73.28125E0,'1',NULL,4)
DELETE FROM EMPLOYEE WHERE ID=7
INSERT INTO EMPLOYEE VALUES(7,'Joe','Wifi City',73.25E0,'0',NULL,4)
COMMIT
DISCONNECT
